Configuring contravariant-1.4...
Building contravariant-1.4...
Preprocessing library contravariant-1.4...
[1 of 4] Compiling Data.Functor.Contravariant ( src\Data\Functor\Contravariant.hs, .stack-work\dist\ca59d0ab\build\Data\Functor\Contravariant.o )
[2 of 4] Compiling Data.Functor.Contravariant.Divisible ( src\Data\Functor\Contravariant\Divisible.hs, .stack-work\dist\ca59d0ab\build\Data\Functor\Contravariant\Divisible.o )
[3 of 4] Compiling Data.Functor.Contravariant.Compose ( src\Data\Functor\Contravariant\Compose.hs, .stack-work\dist\ca59d0ab\build\Data\Functor\Contravariant\Compose.o )
[4 of 4] Compiling Data.Functor.Contravariant.Generic ( src\Data\Functor\Contravariant\Generic.hs, .stack-work\dist\ca59d0ab\build\Data\Functor\Contravariant\Generic.o )
Running Haddock for contravariant-1.4...
Preprocessing library contravariant-1.4...
Haddock coverage:
  89% ( 17 / 19) in 'Data.Functor.Contravariant'
  Missing documentation for:
    Predicate (src\Data\Functor\Contravariant.hs:278)
    comparisonEquivalence (src\Data\Functor\Contravariant.hs:362)
 100% ( 10 / 10) in 'Data.Functor.Contravariant.Divisible'
 100% (  4 /  4) in 'Data.Functor.Contravariant.Compose'
 100% (  3 /  3) in 'Data.Functor.Contravariant.Generic'
Warning: Data.Functor.Contravariant.Generic: could not find link destinations for:
    GDeciding GDeciding1
Documentation created:
.\.stack-work\dist\ca59d0ab\doc\html\contravariant\.\index.html,
.\.stack-work\dist\ca59d0ab\doc\html\contravariant\.\contravariant.txt
Installing library in
C:\sr\snapshots\995f70a3\lib\x86_64-windows-ghc-8.0.2\contravariant-1.4-3UCY3arLvoG71jrGOYoc39
Registering contravariant-1.4...
