Configuring integer-logarithms-1.0.1...
Building integer-logarithms-1.0.1...
Preprocessing library integer-logarithms-1.0.1...
[1 of 4] Compiling GHC.Integer.Logarithms.Compat ( src\GHC\Integer\Logarithms\Compat.hs, .stack-work\dist\ca59d0ab\build\GHC\Integer\Logarithms\Compat.o )
[2 of 4] Compiling Math.NumberTheory.Powers.Integer ( src\Math\NumberTheory\Powers\Integer.hs, .stack-work\dist\ca59d0ab\build\Math\NumberTheory\Powers\Integer.o )
[3 of 4] Compiling Math.NumberTheory.Powers.Natural ( src\Math\NumberTheory\Powers\Natural.hs, .stack-work\dist\ca59d0ab\build\Math\NumberTheory\Powers\Natural.o )
[4 of 4] Compiling Math.NumberTheory.Logarithms ( src\Math\NumberTheory\Logarithms.hs, .stack-work\dist\ca59d0ab\build\Math\NumberTheory\Logarithms.o )
Running Haddock for integer-logarithms-1.0.1...
Preprocessing library integer-logarithms-1.0.1...
Haddock coverage:
 100% (  5 /  5) in 'GHC.Integer.Logarithms.Compat'
 100% (  3 /  3) in 'Math.NumberTheory.Powers.Integer'
 100% (  3 /  3) in 'Math.NumberTheory.Powers.Natural'
 100% ( 17 / 17) in 'Math.NumberTheory.Logarithms'
Documentation created:
.\.stack-work\dist\ca59d0ab\doc\html\integer-logarithms\.\index.html,
.\.stack-work\dist\ca59d0ab\doc\html\integer-logarithms\.\integer-logarithms.txt
Installing library in
C:\sr\snapshots\995f70a3\lib\x86_64-windows-ghc-8.0.2\integer-logarithms-1.0.1-IEHCuEd5sG4JjSjlx7m5JF
Registering integer-logarithms-1.0.1...
