Configuring mmorph-1.0.9...
Building mmorph-1.0.9...
Preprocessing library mmorph-1.0.9...
[1 of 2] Compiling Control.Monad.Morph ( src\Control\Monad\Morph.hs, .stack-work\dist\ca59d0ab\build\Control\Monad\Morph.o )

src\Control\Monad\Morph.hs:76:1: warning: [-Wdeprecations]
    Module ‚ÄòControl.Monad.Trans.Error‚Äô is deprecated:
      Use Control.Monad.Trans.Except instead

src\Control\Monad\Morph.hs:112:20: warning: [-Wdeprecations]
    In the use of type constructor or class ‚ÄòErrorT‚Äô
    (imported from Control.Monad.Trans.Error):
    Deprecated: "Use Control.Monad.Trans.Except instead"

src\Control\Monad\Morph.hs:113:19: warning: [-Wdeprecations]
    In the use of data constructor ‚ÄòErrorT‚Äô
    (imported from Control.Monad.Trans.Error):
    Deprecated: "Use Control.Monad.Trans.Except instead"

src\Control\Monad\Morph.hs:113:34: warning: [-Wdeprecations]
    In the use of ‚ÄòrunErrorT‚Äô
    (imported from Control.Monad.Trans.Error):
    Deprecated: "Use Control.Monad.Trans.Except instead"

src\Control\Monad\Morph.hs:233:11: warning: [-Wdeprecations]
    In the use of type constructor or class ‚ÄòError‚Äô
    (imported from Control.Monad.Trans.Error):
    Deprecated: "Use Control.Monad.Trans.Except instead"

src\Control\Monad\Morph.hs:233:33: warning: [-Wdeprecations]
    In the use of type constructor or class ‚ÄòErrorT‚Äô
    (imported from Control.Monad.Trans.Error):
    Deprecated: "Use Control.Monad.Trans.Except instead"

src\Control\Monad\Morph.hs:234:17: warning: [-Wdeprecations]
    In the use of data constructor ‚ÄòErrorT‚Äô
    (imported from Control.Monad.Trans.Error):
    Deprecated: "Use Control.Monad.Trans.Except instead"

src\Control\Monad\Morph.hs:235:14: warning: [-Wdeprecations]
    In the use of ‚ÄòrunErrorT‚Äô
    (imported from Control.Monad.Trans.Error):
    Deprecated: "Use Control.Monad.Trans.Except instead"

src\Control\Monad\Morph.hs:235:30: warning: [-Wdeprecations]
    In the use of ‚ÄòrunErrorT‚Äô
    (imported from Control.Monad.Trans.Error):
    Deprecated: "Use Control.Monad.Trans.Except instead"
[2 of 2] Compiling Control.Monad.Trans.Compose ( src\Control\Monad\Trans\Compose.hs, .stack-work\dist\ca59d0ab\build\Control\Monad\Trans\Compose.o )
Running Haddock for mmorph-1.0.9...
Preprocessing library mmorph-1.0.9...

src\Control\Monad\Morph.hs:76:1: warning: [-Wdeprecations]
    Module ÅeControl.Monad.Trans.ErrorÅf is deprecated:
      Use Control.Monad.Trans.Except instead

src\Control\Monad\Morph.hs:112:20: warning: [-Wdeprecations]
    In the use of type constructor or class ÅeErrorTÅf
    (imported from Control.Monad.Trans.Error):
    Deprecated: "Use Control.Monad.Trans.Except instead"

src\Control\Monad\Morph.hs:113:19: warning: [-Wdeprecations]
    In the use of data constructor ÅeErrorTÅf
    (imported from Control.Monad.Trans.Error):
    Deprecated: "Use Control.Monad.Trans.Except instead"

src\Control\Monad\Morph.hs:113:34: warning: [-Wdeprecations]
    In the use of ÅerunErrorTÅf
    (imported from Control.Monad.Trans.Error):
    Deprecated: "Use Control.Monad.Trans.Except instead"

src\Control\Monad\Morph.hs:233:11: warning: [-Wdeprecations]
    In the use of type constructor or class ÅeErrorÅf
    (imported from Control.Monad.Trans.Error):
    Deprecated: "Use Control.Monad.Trans.Except instead"

src\Control\Monad\Morph.hs:233:33: warning: [-Wdeprecations]
    In the use of type constructor or class ÅeErrorTÅf
    (imported from Control.Monad.Trans.Error):
    Deprecated: "Use Control.Monad.Trans.Except instead"

src\Control\Monad\Morph.hs:234:17: warning: [-Wdeprecations]
    In the use of data constructor ÅeErrorTÅf
    (imported from Control.Monad.Trans.Error):
    Deprecated: "Use Control.Monad.Trans.Except instead"

src\Control\Monad\Morph.hs:235:14: warning: [-Wdeprecations]
    In the use of ÅerunErrorTÅf
    (imported from Control.Monad.Trans.Error):
    Deprecated: "Use Control.Monad.Trans.Except instead"

src\Control\Monad\Morph.hs:235:30: warning: [-Wdeprecations]
    In the use of ÅerunErrorTÅf
    (imported from Control.Monad.Trans.Error):
    Deprecated: "Use Control.Monad.Trans.Except instead"
Haddock coverage:
 100% ( 22 / 22) in 'Control.Monad.Morph'
 100% (  4 /  4) in 'Control.Monad.Trans.Compose'
Documentation created:
.\.stack-work\dist\ca59d0ab\doc\html\mmorph\.\index.html,
.\.stack-work\dist\ca59d0ab\doc\html\mmorph\.\mmorph.txt
Installing library in
C:\sr\snapshots\995f70a3\lib\x86_64-windows-ghc-8.0.2\mmorph-1.0.9-5bASEvmIkr5CpdAYXwPsn0
Registering mmorph-1.0.9...
