Configuring pipes-4.3.4...
Building pipes-4.3.4...
Preprocessing library pipes-4.3.4...
[1 of 6] Compiling Pipes.Internal   ( src\Pipes\Internal.hs, .stack-work\dist\ca59d0ab\build\Pipes\Internal.o )

src\Pipes\Internal.hs:41:1: warning: [-Wunused-imports]
    The import of ‘MonadMask’
    from module ‘Control.Monad.Catch’ is redundant

src\Pipes\Internal.hs:48:1: warning: [-Wunused-imports]
    The import of ‘Control.Applicative’ is redundant
      except perhaps to import instances from ‘Control.Applicative’
    To import instances alone, use: import Control.Applicative()

src\Pipes\Internal.hs:54:1: warning: [-Wunused-imports]
    The qualified import of ‘Control.Monad.Catch’ is redundant
      except perhaps to import instances from ‘Control.Monad.Catch’
    To import instances alone, use: import Control.Monad.Catch()
[2 of 6] Compiling Pipes.Core       ( src\Pipes\Core.hs, .stack-work\dist\ca59d0ab\build\Pipes\Core.o )
[3 of 6] Compiling Pipes.Lift       ( src\Pipes\Lift.hs, .stack-work\dist\ca59d0ab\build\Pipes\Lift.o )
[4 of 6] Compiling Pipes            ( src\Pipes.hs, .stack-work\dist\ca59d0ab\build\Pipes.o )

src\Pipes.hs:67:1: warning: [-Wunused-imports]
    The import of ‘MonadMask’
    from module ‘Control.Monad.Catch’ is redundant

src\Pipes.hs:92:1: warning: [-Wunused-imports]
    The qualified import of ‘Control.Monad.Catch’ is redundant
      except perhaps to import instances from ‘Control.Monad.Catch’
    To import instances alone, use: import Control.Monad.Catch()
[5 of 6] Compiling Pipes.Prelude    ( src\Pipes\Prelude.hs, .stack-work\dist\ca59d0ab\build\Pipes\Prelude.o )
[6 of 6] Compiling Pipes.Tutorial   ( src\Pipes\Tutorial.hs, .stack-work\dist\ca59d0ab\build\Pipes\Tutorial.o )
Running Haddock for pipes-4.3.4...
Preprocessing library pipes-4.3.4...

src\Pipes\Internal.hs:41:1: warning: [-Wunused-imports]
    The import of eMonadMaskf
    from module eControl.Monad.Catchf is redundant

src\Pipes\Internal.hs:48:1: warning: [-Wunused-imports]
    The import of eControl.Applicativef is redundant
      except perhaps to import instances from eControl.Applicativef
    To import instances alone, use: import Control.Applicative()

src\Pipes\Internal.hs:54:1: warning: [-Wunused-imports]
    The qualified import of eControl.Monad.Catchf is redundant
      except perhaps to import instances from eControl.Monad.Catchf
    To import instances alone, use: import Control.Monad.Catch()

src\Pipes.hs:67:1: warning: [-Wunused-imports]
    The import of eMonadMaskf
    from module eControl.Monad.Catchf is redundant

src\Pipes.hs:92:1: warning: [-Wunused-imports]
    The qualified import of eControl.Monad.Catchf is redundant
      except perhaps to import instances from eControl.Monad.Catchf
    To import instances alone, use: import Control.Monad.Catch()
Haddock coverage:
 100% (  7 /  7) in 'Pipes.Internal'
 100% ( 55 / 55) in 'Pipes.Core'
 100% ( 31 / 31) in 'Pipes.Lift'
 100% ( 44 / 44) in 'Pipes'
 100% ( 73 / 73) in 'Pipes.Prelude'
 100% ( 23 / 23) in 'Pipes.Tutorial'
Documentation created:
.\.stack-work\dist\ca59d0ab\doc\html\pipes\.\index.html,
.\.stack-work\dist\ca59d0ab\doc\html\pipes\.\pipes.txt
Installing library in
C:\sr\snapshots\995f70a3\lib\x86_64-windows-ghc-8.0.2\pipes-4.3.4-IzZdzyWEw6TEBmgi7OaP91
Registering pipes-4.3.4...
