Configuring random-1.1...
Building random-1.1...
Preprocessing library random-1.1...
[1 of 1] Compiling System.Random    ( System\Random.hs, .stack-work\dist\ca59d0ab\build\System\Random.o )

System\Random.hs:43:1: warning: [-Wtabs]
    Tab character found here, and in 74 further locations.
    Please use spaces instead.
Running Haddock for random-1.1...
Preprocessing library random-1.1...

System\Random.hs:43:1: warning: [-Wtabs]
    Tab character found here, and in 74 further locations.
    Please use spaces instead.
Haddock coverage:
Cannot find documentation for: $intro
 100% ( 16 / 16) in 'System.Random'
Documentation created:
.\.stack-work\dist\ca59d0ab\doc\html\random\.\index.html,
.\.stack-work\dist\ca59d0ab\doc\html\random\.\random.txt
Installing library in
C:\sr\snapshots\995f70a3\lib\x86_64-windows-ghc-8.0.2\random-1.1-9tceXaeYIMZ4JrKq20Egog
Registering random-1.1...
