Configuring text-show-3.4.1.1...
Building text-show-3.4.1.1...
Preprocessing library text-show-3.4.1.1...
[ 1 of 66] Compiling TextShow.Utils   ( src\TextShow\Utils.hs, .stack-work\dist\ca59d0ab\build\TextShow\Utils.o )
[ 2 of 66] Compiling TextShow.TH.Names ( src\TextShow\TH\Names.hs, .stack-work\dist\ca59d0ab\build\TextShow\TH\Names.o )
[ 3 of 66] Compiling TextShow.Options ( src\TextShow\Options.hs, .stack-work\dist\ca59d0ab\build\TextShow\Options.o )
[ 4 of 66] Compiling TextShow.GHC.Event ( src\TextShow\GHC\Event.hs, .stack-work\dist\ca59d0ab\build\TextShow\GHC\Event.o )
[ 5 of 66] Compiling TextShow.Data.OldTypeable ( src\TextShow\Data\OldTypeable.hs, .stack-work\dist\ca59d0ab\build\TextShow\Data\OldTypeable.o )
[ 6 of 66] Compiling TextShow.Classes ( src\TextShow\Classes.hs, .stack-work\dist\ca59d0ab\build\TextShow\Classes.o )
[ 7 of 66] Compiling TextShow.Control.Monad.ST ( src\TextShow\Control\Monad\ST.hs, .stack-work\dist\ca59d0ab\build\TextShow\Control\Monad\ST.o )
[ 8 of 66] Compiling TextShow.Data.Functor.Compose ( src\TextShow\Data\Functor\Compose.hs, .stack-work\dist\ca59d0ab\build\TextShow\Data\Functor\Compose.o )
[ 9 of 66] Compiling TextShow.Data.Functor.Identity ( src\TextShow\Data\Functor\Identity.hs, .stack-work\dist\ca59d0ab\build\TextShow\Data\Functor\Identity.o )
[10 of 66] Compiling TextShow.Data.Integral ( src\TextShow\Data\Integral.hs, .stack-work\dist\ca59d0ab\build\TextShow\Data\Integral.o )
[11 of 66] Compiling TextShow.Data.Fixed ( src\TextShow\Data\Fixed.hs, .stack-work\dist\ca59d0ab\build\TextShow\Data\Fixed.o )
[12 of 66] Compiling TextShow.Data.Ratio ( src\TextShow\Data\Ratio.hs, .stack-work\dist\ca59d0ab\build\TextShow\Data\Ratio.o )
[13 of 66] Compiling TextShow.Data.Typeable.Utils ( src\TextShow\Data\Typeable\Utils.hs, .stack-work\dist\ca59d0ab\build\TextShow\Data\Typeable\Utils.o )
[14 of 66] Compiling TextShow.Data.Void ( src\TextShow\Data\Void.hs, .stack-work\dist\ca59d0ab\build\TextShow\Data\Void.o )
[15 of 66] Compiling TextShow.Foreign.Ptr ( src\TextShow\Foreign\Ptr.hs, .stack-work\dist\ca59d0ab\build\TextShow\Foreign\Ptr.o )
[16 of 66] Compiling TextShow.FromStringTextShow ( src\TextShow\FromStringTextShow.hs, .stack-work\dist\ca59d0ab\build\TextShow\FromStringTextShow.o )
[17 of 66] Compiling TextShow.Functions ( src\TextShow\Functions.hs, .stack-work\dist\ca59d0ab\build\TextShow\Functions.o )
[18 of 66] Compiling TextShow.GHC.Fingerprint ( src\TextShow\GHC\Fingerprint.hs, .stack-work\dist\ca59d0ab\build\TextShow\GHC\Fingerprint.o )
[19 of 66] Compiling TextShow.Numeric.Natural ( src\TextShow\Numeric\Natural.hs, .stack-work\dist\ca59d0ab\build\TextShow\Numeric\Natural.o )
[20 of 66] Compiling TextShow.TH.Internal ( src\TextShow\TH\Internal.hs, .stack-work\dist\ca59d0ab\build\TextShow\TH\Internal.o )
[21 of 66] Compiling TextShow.Control.Exception ( src\TextShow\Control\Exception.hs, .stack-work\dist\ca59d0ab\build\TextShow\Control\Exception.o )
[22 of 66] Compiling TextShow.Data.Bool ( src\TextShow\Data\Bool.hs, .stack-work\dist\ca59d0ab\build\TextShow\Data\Bool.o )
[23 of 66] Compiling TextShow.Data.Char ( src\TextShow\Data\Char.hs, .stack-work\dist\ca59d0ab\build\TextShow\Data\Char.o )
[24 of 66] Compiling TextShow.Data.List ( src\TextShow\Data\List.hs, .stack-work\dist\ca59d0ab\build\TextShow\Data\List.o )
[25 of 66] Compiling TextShow.Control.Applicative ( src\TextShow\Control\Applicative.hs, .stack-work\dist\ca59d0ab\build\TextShow\Control\Applicative.o )
[26 of 66] Compiling TextShow.Data.ByteString ( src\TextShow\Data\ByteString.hs, .stack-work\dist\ca59d0ab\build\TextShow\Data\ByteString.o )
[27 of 66] Compiling TextShow.Data.Typeable ( src\TextShow\Data\Typeable.hs, .stack-work\dist\ca59d0ab\build\TextShow\Data\Typeable.o )
[28 of 66] Compiling TextShow.Data.Dynamic ( src\TextShow\Data\Dynamic.hs, .stack-work\dist\ca59d0ab\build\TextShow\Data\Dynamic.o )
[29 of 66] Compiling TextShow.GHC.TypeLits ( src\TextShow\GHC\TypeLits.hs, .stack-work\dist\ca59d0ab\build\TextShow\GHC\TypeLits.o )
[30 of 66] Compiling TextShow.Data.Data ( src\TextShow\Data\Data.hs, .stack-work\dist\ca59d0ab\build\TextShow\Data\Data.o )
[31 of 66] Compiling TextShow.Data.Either ( src\TextShow\Data\Either.hs, .stack-work\dist\ca59d0ab\build\TextShow\Data\Either.o )
[32 of 66] Compiling TextShow.Data.Floating ( src\TextShow\Data\Floating.hs, .stack-work\dist\ca59d0ab\build\TextShow\Data\Floating.o )
[33 of 66] Compiling TextShow.Data.Complex ( src\TextShow\Data\Complex.hs, .stack-work\dist\ca59d0ab\build\TextShow\Data\Complex.o )
[34 of 66] Compiling TextShow.Foreign.C.Types ( src\TextShow\Foreign\C\Types.hs, .stack-work\dist\ca59d0ab\build\TextShow\Foreign\C\Types.o )
[35 of 66] Compiling TextShow.Control.Concurrent ( src\TextShow\Control\Concurrent.hs, .stack-work\dist\ca59d0ab\build\TextShow\Control\Concurrent.o )
[36 of 66] Compiling TextShow.System.Posix.Types ( src\TextShow\System\Posix\Types.hs, .stack-work\dist\ca59d0ab\build\TextShow\System\Posix\Types.o )
[37 of 66] Compiling TextShow.Data.Functor.Product ( src\TextShow\Data\Functor\Product.hs, .stack-work\dist\ca59d0ab\build\TextShow\Data\Functor\Product.o )
[38 of 66] Compiling TextShow.Data.Functor.Sum ( src\TextShow\Data\Functor\Sum.hs, .stack-work\dist\ca59d0ab\build\TextShow\Data\Functor\Sum.o )
[39 of 66] Compiling TextShow.Data.List.NonEmpty ( src\TextShow\Data\List\NonEmpty.hs, .stack-work\dist\ca59d0ab\build\TextShow\Data\List\NonEmpty.o )
[40 of 66] Compiling TextShow.Data.Maybe ( src\TextShow\Data\Maybe.hs, .stack-work\dist\ca59d0ab\build\TextShow\Data\Maybe.o )
[41 of 66] Compiling TextShow.Data.Monoid ( src\TextShow\Data\Monoid.hs, .stack-work\dist\ca59d0ab\build\TextShow\Data\Monoid.o )
[42 of 66] Compiling TextShow.Data.Ord ( src\TextShow\Data\Ord.hs, .stack-work\dist\ca59d0ab\build\TextShow\Data\Ord.o )
[43 of 66] Compiling TextShow.Data.Proxy ( src\TextShow\Data\Proxy.hs, .stack-work\dist\ca59d0ab\build\TextShow\Data\Proxy.o )
[44 of 66] Compiling TextShow.Data.Semigroup ( src\TextShow\Data\Semigroup.hs, .stack-work\dist\ca59d0ab\build\TextShow\Data\Semigroup.o )
[45 of 66] Compiling TextShow.Data.Text ( src\TextShow\Data\Text.hs, .stack-work\dist\ca59d0ab\build\TextShow\Data\Text.o )
[46 of 66] Compiling TextShow.Data.Tuple ( src\TextShow\Data\Tuple.hs, .stack-work\dist\ca59d0ab\build\TextShow\Data\Tuple.o )
[47 of 66] Compiling TextShow.Data.Array ( src\TextShow\Data\Array.hs, .stack-work\dist\ca59d0ab\build\TextShow\Data\Array.o )
[48 of 66] Compiling TextShow.Data.Type.Coercion ( src\TextShow\Data\Type\Coercion.hs, .stack-work\dist\ca59d0ab\build\TextShow\Data\Type\Coercion.o )
[49 of 66] Compiling TextShow.Data.Type.Equality ( src\TextShow\Data\Type\Equality.hs, .stack-work\dist\ca59d0ab\build\TextShow\Data\Type\Equality.o )
[50 of 66] Compiling TextShow.Data.Version ( src\TextShow\Data\Version.hs, .stack-work\dist\ca59d0ab\build\TextShow\Data\Version.o )
[51 of 66] Compiling TextShow.GHC.Conc.Windows ( src\TextShow\GHC\Conc\Windows.hs, .stack-work\dist\ca59d0ab\build\TextShow\GHC\Conc\Windows.o )
[52 of 66] Compiling TextShow.GHC.Generics ( src\TextShow\GHC\Generics.hs, .stack-work\dist\ca59d0ab\build\TextShow\GHC\Generics.o )
[53 of 66] Compiling TextShow.GHC.RTS.Flags ( src\TextShow\GHC\RTS\Flags.hs, .stack-work\dist\ca59d0ab\build\TextShow\GHC\RTS\Flags.o )
[54 of 66] Compiling TextShow.GHC.Stack ( src\TextShow\GHC\Stack.hs, .stack-work\dist\ca59d0ab\build\TextShow\GHC\Stack.o )
[55 of 66] Compiling TextShow.GHC.StaticPtr ( src\TextShow\GHC\StaticPtr.hs, .stack-work\dist\ca59d0ab\build\TextShow\GHC\StaticPtr.o )
[56 of 66] Compiling TextShow.GHC.Stats ( src\TextShow\GHC\Stats.hs, .stack-work\dist\ca59d0ab\build\TextShow\GHC\Stats.o )
[57 of 66] Compiling TextShow.System.Exit ( src\TextShow\System\Exit.hs, .stack-work\dist\ca59d0ab\build\TextShow\System\Exit.o )
[58 of 66] Compiling TextShow.System.IO ( src\TextShow\System\IO.hs, .stack-work\dist\ca59d0ab\build\TextShow\System\IO.o )
[59 of 66] Compiling TextShow.Text.Read ( src\TextShow\Text\Read.hs, .stack-work\dist\ca59d0ab\build\TextShow\Text\Read.o )
[60 of 66] Compiling TextShow.Instances ( src\TextShow\Instances.hs, .stack-work\dist\ca59d0ab\build\TextShow\Instances.o )
[61 of 66] Compiling TextShow.Debug.Trace ( src\TextShow\Debug\Trace.hs, .stack-work\dist\ca59d0ab\build\TextShow\Debug\Trace.o )
[62 of 66] Compiling TextShow.Debug.Trace.TH ( src\TextShow\Debug\Trace\TH.hs, .stack-work\dist\ca59d0ab\build\TextShow\Debug\Trace\TH.o )
[63 of 66] Compiling TextShow.Generic ( src\TextShow\Generic.hs, .stack-work\dist\ca59d0ab\build\TextShow\Generic.o )
[64 of 66] Compiling TextShow.Debug.Trace.Generic ( src\TextShow\Debug\Trace\Generic.hs, .stack-work\dist\ca59d0ab\build\TextShow\Debug\Trace\Generic.o )
[65 of 66] Compiling TextShow.TH      ( src\TextShow\TH.hs, .stack-work\dist\ca59d0ab\build\TextShow\TH.o )
[66 of 66] Compiling TextShow         ( src\TextShow.hs, .stack-work\dist\ca59d0ab\build\TextShow.o )
Installing library in
C:\sr\snapshots\995f70a3\lib\x86_64-windows-ghc-8.0.2\text-show-3.4.1.1-2dobvSGGbY79KtS3pjAiGN
Registering text-show-3.4.1.1...
